<?xml version="1.0" encoding="UTF-8"?>
<testsuite xmlns:xsi="http://www.w3.org/2001/XMLSchema-instance" xsi:noNamespaceSchemaLocation="https://maven.apache.org/surefire/maven-surefire-plugin/xsd/surefire-test-report-3.0.xsd" version="3.0" name="de.dhbw.ravensburg.wp.mymoviedatabase.controller.MovieControllerImplTest" time="2.055" tests="5" errors="0" skipped="0" failures="0">
  <properties>
    <property name="java.specification.version" value="21"/>
    <property name="sun.jnu.encoding" value="UTF-8"/>
    <property name="java.class.path" value="/Users/luis/Library/CloudStorage/OneDrive-Personal/Dokumente/1_DHBW/5.Semester/Integrationsseminar_MovieDB/Aufgabe_6/target/test-classes:/Users/luis/Library/CloudStorage/OneDrive-Personal/Dokumente/1_DHBW/5.Semester/Integrationsseminar_MovieDB/Aufgabe_6/target/classes:/Users/luis/.m2/repository/org/springframework/boot/spring-boot-starter-data-jpa/2.5.1/spring-boot-starter-data-jpa-2.5.1.jar:/Users/luis/.m2/repository/org/springframework/boot/spring-boot-starter-aop/2.5.1/spring-boot-starter-aop-2.5.1.jar:/Users/luis/.m2/repository/org/springframework/spring-aop/5.3.8/spring-aop-5.3.8.jar:/Users/luis/.m2/repository/org/aspectj/aspectjweaver/1.9.6/aspectjweaver-1.9.6.jar:/Users/luis/.m2/repository/org/springframework/boot/spring-boot-starter-jdbc/2.5.1/spring-boot-starter-jdbc-2.5.1.jar:/Users/luis/.m2/repository/com/zaxxer/HikariCP/4.0.3/HikariCP-4.0.3.jar:/Users/luis/.m2/repository/org/springframework/spring-jdbc/5.3.8/spring-jdbc-5.3.8.jar:/Users/luis/.m2/repository/jakarta/transaction/jakarta.transaction-api/1.3.3/jakarta.transaction-api-1.3.3.jar:/Users/luis/.m2/repository/jakarta/persistence/jakarta.persistence-api/2.2.3/jakarta.persistence-api-2.2.3.jar:/Users/luis/.m2/repository/org/hibernate/hibernate-core/5.4.32.Final/hibernate-core-5.4.32.Final.jar:/Users/luis/.m2/repository/org/jboss/logging/jboss-logging/3.4.2.Final/jboss-logging-3.4.2.Final.jar:/Users/luis/.m2/repository/org/javassist/javassist/3.27.0-GA/javassist-3.27.0-GA.jar:/Users/luis/.m2/repository/net/bytebuddy/byte-buddy/1.10.22/byte-buddy-1.10.22.jar:/Users/luis/.m2/repository/antlr/antlr/2.7.7/antlr-2.7.7.jar:/Users/luis/.m2/repository/org/jboss/jandex/2.2.3.Final/jandex-2.2.3.Final.jar:/Users/luis/.m2/repository/com/fasterxml/classmate/1.5.1/classmate-1.5.1.jar:/Users/luis/.m2/repository/org/dom4j/dom4j/2.1.3/dom4j-2.1.3.jar:/Users/luis/.m2/repository/org/hibernate/common/hibernate-commons-annotations/5.1.2.Final/hibernate-commons-annotations-5.1.2.Final.jar:/Users/luis/.m2/repository/org/glassfish/jaxb/jaxb-runtime/2.3.4/jaxb-runtime-2.3.4.jar:/Users/luis/.m2/repository/org/glassfish/jaxb/txw2/2.3.4/txw2-2.3.4.jar:/Users/luis/.m2/repository/com/sun/istack/istack-commons-runtime/3.0.12/istack-commons-runtime-3.0.12.jar:/Users/luis/.m2/repository/com/sun/activation/jakarta.activation/1.2.2/jakarta.activation-1.2.2.jar:/Users/luis/.m2/repository/org/springframework/data/spring-data-jpa/2.5.1/spring-data-jpa-2.5.1.jar:/Users/luis/.m2/repository/org/springframework/data/spring-data-commons/2.5.1/spring-data-commons-2.5.1.jar:/Users/luis/.m2/repository/org/springframework/spring-orm/5.3.8/spring-orm-5.3.8.jar:/Users/luis/.m2/repository/org/springframework/spring-context/5.3.8/spring-context-5.3.8.jar:/Users/luis/.m2/repository/org/springframework/spring-tx/5.3.8/spring-tx-5.3.8.jar:/Users/luis/.m2/repository/org/springframework/spring-beans/5.3.8/spring-beans-5.3.8.jar:/Users/luis/.m2/repository/org/slf4j/slf4j-api/1.7.30/slf4j-api-1.7.30.jar:/Users/luis/.m2/repository/org/springframework/spring-aspects/5.3.8/spring-aspects-5.3.8.jar:/Users/luis/.m2/repository/org/springframework/boot/spring-boot-starter-test/2.5.1/spring-boot-starter-test-2.5.1.jar:/Users/luis/.m2/repository/org/springframework/boot/spring-boot-starter/2.5.1/spring-boot-starter-2.5.1.jar:/Users/luis/.m2/repository/org/springframework/boot/spring-boot-starter-logging/2.5.1/spring-boot-starter-logging-2.5.1.jar:/Users/luis/.m2/repository/ch/qos/logback/logback-classic/1.2.3/logback-classic-1.2.3.jar:/Users/luis/.m2/repository/ch/qos/logback/logback-core/1.2.3/logback-core-1.2.3.jar:/Users/luis/.m2/repository/org/apache/logging/log4j/log4j-to-slf4j/2.14.1/log4j-to-slf4j-2.14.1.jar:/Users/luis/.m2/repository/org/apache/logging/log4j/log4j-api/2.14.1/log4j-api-2.14.1.jar:/Users/luis/.m2/repository/org/slf4j/jul-to-slf4j/1.7.30/jul-to-slf4j-1.7.30.jar:/Users/luis/.m2/repository/jakarta/annotation/jakarta.annotation-api/1.3.5/jakarta.annotation-api-1.3.5.jar:/Users/luis/.m2/repository/org/yaml/snakeyaml/1.28/snakeyaml-1.28.jar:/Users/luis/.m2/repository/org/springframework/boot/spring-boot-test/2.5.1/spring-boot-test-2.5.1.jar:/Users/luis/.m2/repository/org/springframework/boot/spring-boot-test-autoconfigure/2.5.1/spring-boot-test-autoconfigure-2.5.1.jar:/Users/luis/.m2/repository/com/jayway/jsonpath/json-path/2.5.0/json-path-2.5.0.jar:/Users/luis/.m2/repository/net/minidev/json-smart/2.4.7/json-smart-2.4.7.jar:/Users/luis/.m2/repository/net/minidev/accessors-smart/2.4.7/accessors-smart-2.4.7.jar:/Users/luis/.m2/repository/org/ow2/asm/asm/9.1/asm-9.1.jar:/Users/luis/.m2/repository/jakarta/xml/bind/jakarta.xml.bind-api/2.3.3/jakarta.xml.bind-api-2.3.3.jar:/Users/luis/.m2/repository/jakarta/activation/jakarta.activation-api/1.2.2/jakarta.activation-api-1.2.2.jar:/Users/luis/.m2/repository/org/assertj/assertj-core/3.19.0/assertj-core-3.19.0.jar:/Users/luis/.m2/repository/org/hamcrest/hamcrest/2.2/hamcrest-2.2.jar:/Users/luis/.m2/repository/org/junit/jupiter/junit-jupiter/5.7.2/junit-jupiter-5.7.2.jar:/Users/luis/.m2/repository/org/junit/jupiter/junit-jupiter-api/5.7.2/junit-jupiter-api-5.7.2.jar:/Users/luis/.m2/repository/org/apiguardian/apiguardian-api/1.1.0/apiguardian-api-1.1.0.jar:/Users/luis/.m2/repository/org/opentest4j/opentest4j/1.2.0/opentest4j-1.2.0.jar:/Users/luis/.m2/repository/org/junit/platform/junit-platform-commons/1.7.2/junit-platform-commons-1.7.2.jar:/Users/luis/.m2/repository/org/junit/jupiter/junit-jupiter-params/5.7.2/junit-jupiter-params-5.7.2.jar:/Users/luis/.m2/repository/org/junit/jupiter/junit-jupiter-engine/5.7.2/junit-jupiter-engine-5.7.2.jar:/Users/luis/.m2/repository/org/junit/platform/junit-platform-engine/1.7.2/junit-platform-engine-1.7.2.jar:/Users/luis/.m2/repository/org/mockito/mockito-core/3.9.0/mockito-core-3.9.0.jar:/Users/luis/.m2/repository/net/bytebuddy/byte-buddy-agent/1.10.22/byte-buddy-agent-1.10.22.jar:/Users/luis/.m2/repository/org/objenesis/objenesis/3.2/objenesis-3.2.jar:/Users/luis/.m2/repository/org/mockito/mockito-junit-jupiter/3.9.0/mockito-junit-jupiter-3.9.0.jar:/Users/luis/.m2/repository/org/skyscreamer/jsonassert/1.5.0/jsonassert-1.5.0.jar:/Users/luis/.m2/repository/com/vaadin/external/google/android-json/0.0.20131108.vaadin1/android-json-0.0.20131108.vaadin1.jar:/Users/luis/.m2/repository/org/springframework/spring-core/5.3.8/spring-core-5.3.8.jar:/Users/luis/.m2/repository/org/springframework/spring-jcl/5.3.8/spring-jcl-5.3.8.jar:/Users/luis/.m2/repository/org/springframework/spring-test/5.3.8/spring-test-5.3.8.jar:/Users/luis/.m2/repository/org/xmlunit/xmlunit-core/2.8.2/xmlunit-core-2.8.2.jar:/Users/luis/.m2/repository/org/mapstruct/mapstruct/1.4.1.Final/mapstruct-1.4.1.Final.jar:/Users/luis/.m2/repository/org/springdoc/springdoc-openapi-ui/1.2.32/springdoc-openapi-ui-1.2.32.jar:/Users/luis/.m2/repository/org/springdoc/springdoc-openapi-webmvc-core/1.2.32/springdoc-openapi-webmvc-core-1.2.32.jar:/Users/luis/.m2/repository/org/springdoc/springdoc-openapi-common/1.2.32/springdoc-openapi-common-1.2.32.jar:/Users/luis/.m2/repository/io/swagger/core/v3/swagger-models/2.1.1/swagger-models-2.1.1.jar:/Users/luis/.m2/repository/io/swagger/core/v3/swagger-annotations/2.1.1/swagger-annotations-2.1.1.jar:/Users/luis/.m2/repository/io/swagger/core/v3/swagger-integration/2.1.1/swagger-integration-2.1.1.jar:/Users/luis/.m2/repository/io/swagger/core/v3/swagger-core/2.1.1/swagger-core-2.1.1.jar:/Users/luis/.m2/repository/javax/xml/bind/jaxb-api/2.3.1/jaxb-api-2.3.1.jar:/Users/luis/.m2/repository/javax/activation/javax.activation-api/1.2.0/javax.activation-api-1.2.0.jar:/Users/luis/.m2/repository/com/fasterxml/jackson/dataformat/jackson-dataformat-yaml/2.12.3/jackson-dataformat-yaml-2.12.3.jar:/Users/luis/.m2/repository/javax/validation/validation-api/2.0.1.Final/validation-api-2.0.1.Final.jar:/Users/luis/.m2/repository/io/github/classgraph/classgraph/4.8.44/classgraph-4.8.44.jar:/Users/luis/.m2/repository/org/webjars/swagger-ui/3.25.0/swagger-ui-3.25.0.jar:/Users/luis/.m2/repository/org/webjars/webjars-locator/0.38/webjars-locator-0.38.jar:/Users/luis/.m2/repository/org/webjars/webjars-locator-core/0.46/webjars-locator-core-0.46.jar:/Users/luis/.m2/repository/com/fasterxml/jackson/core/jackson-core/2.12.3/jackson-core-2.12.3.jar:/Users/luis/.m2/repository/com/fasterxml/jackson/core/jackson-databind/2.12.3/jackson-databind-2.12.3.jar:/Users/luis/.m2/repository/com/fasterxml/jackson/core/jackson-annotations/2.12.3/jackson-annotations-2.12.3.jar:/Users/luis/.m2/repository/org/apache/commons/commons-lang3/3.12.0/commons-lang3-3.12.0.jar:/Users/luis/.m2/repository/org/springframework/boot/spring-boot-starter-web/2.5.1/spring-boot-starter-web-2.5.1.jar:/Users/luis/.m2/repository/org/springframework/boot/spring-boot-starter-json/2.5.1/spring-boot-starter-json-2.5.1.jar:/Users/luis/.m2/repository/com/fasterxml/jackson/datatype/jackson-datatype-jdk8/2.12.3/jackson-datatype-jdk8-2.12.3.jar:/Users/luis/.m2/repository/com/fasterxml/jackson/datatype/jackson-datatype-jsr310/2.12.3/jackson-datatype-jsr310-2.12.3.jar:/Users/luis/.m2/repository/com/fasterxml/jackson/module/jackson-module-parameter-names/2.12.3/jackson-module-parameter-names-2.12.3.jar:/Users/luis/.m2/repository/org/springframework/boot/spring-boot-starter-tomcat/2.5.1/spring-boot-starter-tomcat-2.5.1.jar:/Users/luis/.m2/repository/org/apache/tomcat/embed/tomcat-embed-core/9.0.46/tomcat-embed-core-9.0.46.jar:/Users/luis/.m2/repository/org/apache/tomcat/embed/tomcat-embed-websocket/9.0.46/tomcat-embed-websocket-9.0.46.jar:/Users/luis/.m2/repository/org/springframework/spring-web/5.3.8/spring-web-5.3.8.jar:/Users/luis/.m2/repository/org/springframework/spring-webmvc/5.3.8/spring-webmvc-5.3.8.jar:/Users/luis/.m2/repository/org/springframework/spring-expression/5.3.8/spring-expression-5.3.8.jar:/Users/luis/.m2/repository/org/springframework/boot/spring-boot-devtools/2.5.1/spring-boot-devtools-2.5.1.jar:/Users/luis/.m2/repository/org/springframework/boot/spring-boot/2.5.1/spring-boot-2.5.1.jar:/Users/luis/.m2/repository/org/springframework/boot/spring-boot-autoconfigure/2.5.1/spring-boot-autoconfigure-2.5.1.jar:/Users/luis/.m2/repository/org/springframework/boot/spring-boot-starter-validation/2.5.1/spring-boot-starter-validation-2.5.1.jar:/Users/luis/.m2/repository/org/apache/tomcat/embed/tomcat-embed-el/9.0.46/tomcat-embed-el-9.0.46.jar:/Users/luis/.m2/repository/org/hibernate/validator/hibernate-validator/6.2.0.Final/hibernate-validator-6.2.0.Final.jar:/Users/luis/.m2/repository/jakarta/validation/jakarta.validation-api/2.0.2/jakarta.validation-api-2.0.2.jar:/Users/luis/.m2/repository/com/h2database/h2/1.4.200/h2-1.4.200.jar:/Users/luis/.m2/repository/org/projectlombok/lombok/1.18.32/lombok-1.18.32.jar:"/>
    <property name="java.vm.vendor" value="Homebrew"/>
    <property name="sun.arch.data.model" value="64"/>
    <property name="java.vendor.url" value="https://github.com/Homebrew/homebrew-core/issues"/>
    <property name="user.timezone" value="Europe/Berlin"/>
    <property name="os.name" value="Mac OS X"/>
    <property name="java.vm.specification.version" value="21"/>
    <property name="sun.java.launcher" value="SUN_STANDARD"/>
    <property name="user.country" value="GB"/>
    <property name="sun.boot.library.path" value="/usr/local/Cellar/openjdk/21.0.2/libexec/openjdk.jdk/Contents/Home/lib"/>
    <property name="sun.java.command" value="/Users/luis/Library/CloudStorage/OneDrive-Personal/Dokumente/1_DHBW/5.Semester/Integrationsseminar_MovieDB/Aufgabe_6/target/surefire/surefirebooter-20240330230801404_3.jar /Users/luis/Library/CloudStorage/OneDrive-Personal/Dokumente/1_DHBW/5.Semester/Integrationsseminar_MovieDB/Aufgabe_6/target/surefire 2024-03-30T23-08-01_272-jvmRun1 surefire-20240330230801404_1tmp surefire_0-20240330230801404_2tmp"/>
    <property name="http.nonProxyHosts" value="local|*.local|169.254/16|*.169.254/16"/>
    <property name="jdk.debug" value="release"/>
    <property name="surefire.test.class.path" value="/Users/luis/Library/CloudStorage/OneDrive-Personal/Dokumente/1_DHBW/5.Semester/Integrationsseminar_MovieDB/Aufgabe_6/target/test-classes:/Users/luis/Library/CloudStorage/OneDrive-Personal/Dokumente/1_DHBW/5.Semester/Integrationsseminar_MovieDB/Aufgabe_6/target/classes:/Users/luis/.m2/repository/org/springframework/boot/spring-boot-starter-data-jpa/2.5.1/spring-boot-starter-data-jpa-2.5.1.jar:/Users/luis/.m2/repository/org/springframework/boot/spring-boot-starter-aop/2.5.1/spring-boot-starter-aop-2.5.1.jar:/Users/luis/.m2/repository/org/springframework/spring-aop/5.3.8/spring-aop-5.3.8.jar:/Users/luis/.m2/repository/org/aspectj/aspectjweaver/1.9.6/aspectjweaver-1.9.6.jar:/Users/luis/.m2/repository/org/springframework/boot/spring-boot-starter-jdbc/2.5.1/spring-boot-starter-jdbc-2.5.1.jar:/Users/luis/.m2/repository/com/zaxxer/HikariCP/4.0.3/HikariCP-4.0.3.jar:/Users/luis/.m2/repository/org/springframework/spring-jdbc/5.3.8/spring-jdbc-5.3.8.jar:/Users/luis/.m2/repository/jakarta/transaction/jakarta.transaction-api/1.3.3/jakarta.transaction-api-1.3.3.jar:/Users/luis/.m2/repository/jakarta/persistence/jakarta.persistence-api/2.2.3/jakarta.persistence-api-2.2.3.jar:/Users/luis/.m2/repository/org/hibernate/hibernate-core/5.4.32.Final/hibernate-core-5.4.32.Final.jar:/Users/luis/.m2/repository/org/jboss/logging/jboss-logging/3.4.2.Final/jboss-logging-3.4.2.Final.jar:/Users/luis/.m2/repository/org/javassist/javassist/3.27.0-GA/javassist-3.27.0-GA.jar:/Users/luis/.m2/repository/net/bytebuddy/byte-buddy/1.10.22/byte-buddy-1.10.22.jar:/Users/luis/.m2/repository/antlr/antlr/2.7.7/antlr-2.7.7.jar:/Users/luis/.m2/repository/org/jboss/jandex/2.2.3.Final/jandex-2.2.3.Final.jar:/Users/luis/.m2/repository/com/fasterxml/classmate/1.5.1/classmate-1.5.1.jar:/Users/luis/.m2/repository/org/dom4j/dom4j/2.1.3/dom4j-2.1.3.jar:/Users/luis/.m2/repository/org/hibernate/common/hibernate-commons-annotations/5.1.2.Final/hibernate-commons-annotations-5.1.2.Final.jar:/Users/luis/.m2/repository/org/glassfish/jaxb/jaxb-runtime/2.3.4/jaxb-runtime-2.3.4.jar:/Users/luis/.m2/repository/org/glassfish/jaxb/txw2/2.3.4/txw2-2.3.4.jar:/Users/luis/.m2/repository/com/sun/istack/istack-commons-runtime/3.0.12/istack-commons-runtime-3.0.12.jar:/Users/luis/.m2/repository/com/sun/activation/jakarta.activation/1.2.2/jakarta.activation-1.2.2.jar:/Users/luis/.m2/repository/org/springframework/data/spring-data-jpa/2.5.1/spring-data-jpa-2.5.1.jar:/Users/luis/.m2/repository/org/springframework/data/spring-data-commons/2.5.1/spring-data-commons-2.5.1.jar:/Users/luis/.m2/repository/org/springframework/spring-orm/5.3.8/spring-orm-5.3.8.jar:/Users/luis/.m2/repository/org/springframework/spring-context/5.3.8/spring-context-5.3.8.jar:/Users/luis/.m2/repository/org/springframework/spring-tx/5.3.8/spring-tx-5.3.8.jar:/Users/luis/.m2/repository/org/springframework/spring-beans/5.3.8/spring-beans-5.3.8.jar:/Users/luis/.m2/repository/org/slf4j/slf4j-api/1.7.30/slf4j-api-1.7.30.jar:/Users/luis/.m2/repository/org/springframework/spring-aspects/5.3.8/spring-aspects-5.3.8.jar:/Users/luis/.m2/repository/org/springframework/boot/spring-boot-starter-test/2.5.1/spring-boot-starter-test-2.5.1.jar:/Users/luis/.m2/repository/org/springframework/boot/spring-boot-starter/2.5.1/spring-boot-starter-2.5.1.jar:/Users/luis/.m2/repository/org/springframework/boot/spring-boot-starter-logging/2.5.1/spring-boot-starter-logging-2.5.1.jar:/Users/luis/.m2/repository/ch/qos/logback/logback-classic/1.2.3/logback-classic-1.2.3.jar:/Users/luis/.m2/repository/ch/qos/logback/logback-core/1.2.3/logback-core-1.2.3.jar:/Users/luis/.m2/repository/org/apache/logging/log4j/log4j-to-slf4j/2.14.1/log4j-to-slf4j-2.14.1.jar:/Users/luis/.m2/repository/org/apache/logging/log4j/log4j-api/2.14.1/log4j-api-2.14.1.jar:/Users/luis/.m2/repository/org/slf4j/jul-to-slf4j/1.7.30/jul-to-slf4j-1.7.30.jar:/Users/luis/.m2/repository/jakarta/annotation/jakarta.annotation-api/1.3.5/jakarta.annotation-api-1.3.5.jar:/Users/luis/.m2/repository/org/yaml/snakeyaml/1.28/snakeyaml-1.28.jar:/Users/luis/.m2/repository/org/springframework/boot/spring-boot-test/2.5.1/spring-boot-test-2.5.1.jar:/Users/luis/.m2/repository/org/springframework/boot/spring-boot-test-autoconfigure/2.5.1/spring-boot-test-autoconfigure-2.5.1.jar:/Users/luis/.m2/repository/com/jayway/jsonpath/json-path/2.5.0/json-path-2.5.0.jar:/Users/luis/.m2/repository/net/minidev/json-smart/2.4.7/json-smart-2.4.7.jar:/Users/luis/.m2/repository/net/minidev/accessors-smart/2.4.7/accessors-smart-2.4.7.jar:/Users/luis/.m2/repository/org/ow2/asm/asm/9.1/asm-9.1.jar:/Users/luis/.m2/repository/jakarta/xml/bind/jakarta.xml.bind-api/2.3.3/jakarta.xml.bind-api-2.3.3.jar:/Users/luis/.m2/repository/jakarta/activation/jakarta.activation-api/1.2.2/jakarta.activation-api-1.2.2.jar:/Users/luis/.m2/repository/org/assertj/assertj-core/3.19.0/assertj-core-3.19.0.jar:/Users/luis/.m2/repository/org/hamcrest/hamcrest/2.2/hamcrest-2.2.jar:/Users/luis/.m2/repository/org/junit/jupiter/junit-jupiter/5.7.2/junit-jupiter-5.7.2.jar:/Users/luis/.m2/repository/org/junit/jupiter/junit-jupiter-api/5.7.2/junit-jupiter-api-5.7.2.jar:/Users/luis/.m2/repository/org/apiguardian/apiguardian-api/1.1.0/apiguardian-api-1.1.0.jar:/Users/luis/.m2/repository/org/opentest4j/opentest4j/1.2.0/opentest4j-1.2.0.jar:/Users/luis/.m2/repository/org/junit/platform/junit-platform-commons/1.7.2/junit-platform-commons-1.7.2.jar:/Users/luis/.m2/repository/org/junit/jupiter/junit-jupiter-params/5.7.2/junit-jupiter-params-5.7.2.jar:/Users/luis/.m2/repository/org/junit/jupiter/junit-jupiter-engine/5.7.2/junit-jupiter-engine-5.7.2.jar:/Users/luis/.m2/repository/org/junit/platform/junit-platform-engine/1.7.2/junit-platform-engine-1.7.2.jar:/Users/luis/.m2/repository/org/mockito/mockito-core/3.9.0/mockito-core-3.9.0.jar:/Users/luis/.m2/repository/net/bytebuddy/byte-buddy-agent/1.10.22/byte-buddy-agent-1.10.22.jar:/Users/luis/.m2/repository/org/objenesis/objenesis/3.2/objenesis-3.2.jar:/Users/luis/.m2/repository/org/mockito/mockito-junit-jupiter/3.9.0/mockito-junit-jupiter-3.9.0.jar:/Users/luis/.m2/repository/org/skyscreamer/jsonassert/1.5.0/jsonassert-1.5.0.jar:/Users/luis/.m2/repository/com/vaadin/external/google/android-json/0.0.20131108.vaadin1/android-json-0.0.20131108.vaadin1.jar:/Users/luis/.m2/repository/org/springframework/spring-core/5.3.8/spring-core-5.3.8.jar:/Users/luis/.m2/repository/org/springframework/spring-jcl/5.3.8/spring-jcl-5.3.8.jar:/Users/luis/.m2/repository/org/springframework/spring-test/5.3.8/spring-test-5.3.8.jar:/Users/luis/.m2/repository/org/xmlunit/xmlunit-core/2.8.2/xmlunit-core-2.8.2.jar:/Users/luis/.m2/repository/org/mapstruct/mapstruct/1.4.1.Final/mapstruct-1.4.1.Final.jar:/Users/luis/.m2/repository/org/springdoc/springdoc-openapi-ui/1.2.32/springdoc-openapi-ui-1.2.32.jar:/Users/luis/.m2/repository/org/springdoc/springdoc-openapi-webmvc-core/1.2.32/springdoc-openapi-webmvc-core-1.2.32.jar:/Users/luis/.m2/repository/org/springdoc/springdoc-openapi-common/1.2.32/springdoc-openapi-common-1.2.32.jar:/Users/luis/.m2/repository/io/swagger/core/v3/swagger-models/2.1.1/swagger-models-2.1.1.jar:/Users/luis/.m2/repository/io/swagger/core/v3/swagger-annotations/2.1.1/swagger-annotations-2.1.1.jar:/Users/luis/.m2/repository/io/swagger/core/v3/swagger-integration/2.1.1/swagger-integration-2.1.1.jar:/Users/luis/.m2/repository/io/swagger/core/v3/swagger-core/2.1.1/swagger-core-2.1.1.jar:/Users/luis/.m2/repository/javax/xml/bind/jaxb-api/2.3.1/jaxb-api-2.3.1.jar:/Users/luis/.m2/repository/javax/activation/javax.activation-api/1.2.0/javax.activation-api-1.2.0.jar:/Users/luis/.m2/repository/com/fasterxml/jackson/dataformat/jackson-dataformat-yaml/2.12.3/jackson-dataformat-yaml-2.12.3.jar:/Users/luis/.m2/repository/javax/validation/validation-api/2.0.1.Final/validation-api-2.0.1.Final.jar:/Users/luis/.m2/repository/io/github/classgraph/classgraph/4.8.44/classgraph-4.8.44.jar:/Users/luis/.m2/repository/org/webjars/swagger-ui/3.25.0/swagger-ui-3.25.0.jar:/Users/luis/.m2/repository/org/webjars/webjars-locator/0.38/webjars-locator-0.38.jar:/Users/luis/.m2/repository/org/webjars/webjars-locator-core/0.46/webjars-locator-core-0.46.jar:/Users/luis/.m2/repository/com/fasterxml/jackson/core/jackson-core/2.12.3/jackson-core-2.12.3.jar:/Users/luis/.m2/repository/com/fasterxml/jackson/core/jackson-databind/2.12.3/jackson-databind-2.12.3.jar:/Users/luis/.m2/repository/com/fasterxml/jackson/core/jackson-annotations/2.12.3/jackson-annotations-2.12.3.jar:/Users/luis/.m2/repository/org/apache/commons/commons-lang3/3.12.0/commons-lang3-3.12.0.jar:/Users/luis/.m2/repository/org/springframework/boot/spring-boot-starter-web/2.5.1/spring-boot-starter-web-2.5.1.jar:/Users/luis/.m2/repository/org/springframework/boot/spring-boot-starter-json/2.5.1/spring-boot-starter-json-2.5.1.jar:/Users/luis/.m2/repository/com/fasterxml/jackson/datatype/jackson-datatype-jdk8/2.12.3/jackson-datatype-jdk8-2.12.3.jar:/Users/luis/.m2/repository/com/fasterxml/jackson/datatype/jackson-datatype-jsr310/2.12.3/jackson-datatype-jsr310-2.12.3.jar:/Users/luis/.m2/repository/com/fasterxml/jackson/module/jackson-module-parameter-names/2.12.3/jackson-module-parameter-names-2.12.3.jar:/Users/luis/.m2/repository/org/springframework/boot/spring-boot-starter-tomcat/2.5.1/spring-boot-starter-tomcat-2.5.1.jar:/Users/luis/.m2/repository/org/apache/tomcat/embed/tomcat-embed-core/9.0.46/tomcat-embed-core-9.0.46.jar:/Users/luis/.m2/repository/org/apache/tomcat/embed/tomcat-embed-websocket/9.0.46/tomcat-embed-websocket-9.0.46.jar:/Users/luis/.m2/repository/org/springframework/spring-web/5.3.8/spring-web-5.3.8.jar:/Users/luis/.m2/repository/org/springframework/spring-webmvc/5.3.8/spring-webmvc-5.3.8.jar:/Users/luis/.m2/repository/org/springframework/spring-expression/5.3.8/spring-expression-5.3.8.jar:/Users/luis/.m2/repository/org/springframework/boot/spring-boot-devtools/2.5.1/spring-boot-devtools-2.5.1.jar:/Users/luis/.m2/repository/org/springframework/boot/spring-boot/2.5.1/spring-boot-2.5.1.jar:/Users/luis/.m2/repository/org/springframework/boot/spring-boot-autoconfigure/2.5.1/spring-boot-autoconfigure-2.5.1.jar:/Users/luis/.m2/repository/org/springframework/boot/spring-boot-starter-validation/2.5.1/spring-boot-starter-validation-2.5.1.jar:/Users/luis/.m2/repository/org/apache/tomcat/embed/tomcat-embed-el/9.0.46/tomcat-embed-el-9.0.46.jar:/Users/luis/.m2/repository/org/hibernate/validator/hibernate-validator/6.2.0.Final/hibernate-validator-6.2.0.Final.jar:/Users/luis/.m2/repository/jakarta/validation/jakarta.validation-api/2.0.2/jakarta.validation-api-2.0.2.jar:/Users/luis/.m2/repository/com/h2database/h2/1.4.200/h2-1.4.200.jar:/Users/luis/.m2/repository/org/projectlombok/lombok/1.18.32/lombok-1.18.32.jar:"/>
    <property name="sun.cpu.endian" value="little"/>
    <property name="user.home" value="/Users/luis"/>
    <property name="user.language" value="en"/>
    <property name="java.specification.vendor" value="Oracle Corporation"/>
    <property name="java.version.date" value="2024-01-16"/>
    <property name="java.home" value="/usr/local/Cellar/openjdk/21.0.2/libexec/openjdk.jdk/Contents/Home"/>
    <property name="file.separator" value="/"/>
    <property name="basedir" value="/Users/luis/Library/CloudStorage/OneDrive-Personal/Dokumente/1_DHBW/5.Semester/Integrationsseminar_MovieDB/Aufgabe_6"/>
    <property name="java.vm.compressedOopsMode" value="Zero based"/>
    <property name="line.separator" value="&#10;"/>
    <property name="java.vm.specification.vendor" value="Oracle Corporation"/>
    <property name="java.specification.name" value="Java Platform API Specification"/>
    <property name="FILE_LOG_CHARSET" value="UTF-8"/>
    <property name="java.awt.headless" value="true"/>
    <property name="apple.awt.application.name" value="ForkedBooter"/>
    <property name="surefire.real.class.path" value="/Users/luis/Library/CloudStorage/OneDrive-Personal/Dokumente/1_DHBW/5.Semester/Integrationsseminar_MovieDB/Aufgabe_6/target/surefire/surefirebooter-20240330230801404_3.jar"/>
    <property name="sun.management.compiler" value="HotSpot 64-Bit Tiered Compilers"/>
    <property name="ftp.nonProxyHosts" value="local|*.local|169.254/16|*.169.254/16"/>
    <property name="java.runtime.version" value="21.0.2"/>
    <property name="user.name" value="luis"/>
    <property name="stdout.encoding" value="UTF-8"/>
    <property name="path.separator" value=":"/>
    <property name="os.version" value="14.4.1"/>
    <property name="java.runtime.name" value="OpenJDK Runtime Environment"/>
    <property name="file.encoding" value="UTF-8"/>
    <property name="spring.beaninfo.ignore" value="true"/>
    <property name="java.vm.name" value="OpenJDK 64-Bit Server VM"/>
    <property name="java.vendor.version" value="Homebrew"/>
    <property name="localRepository" value="/Users/luis/.m2/repository"/>
    <property name="java.vendor.url.bug" value="https://github.com/Homebrew/homebrew-core/issues"/>
    <property name="java.io.tmpdir" value="/var/folders/s0/b5fxk75j7m59n893yhv26n4m0000gn/T/"/>
    <property name="java.version" value="21.0.2"/>
    <property name="user.dir" value="/Users/luis/Library/CloudStorage/OneDrive-Personal/Dokumente/1_DHBW/5.Semester/Integrationsseminar_MovieDB/Aufgabe_6"/>
    <property name="os.arch" value="x86_64"/>
    <property name="java.vm.specification.name" value="Java Virtual Machine Specification"/>
    <property name="PID" value="54522"/>
    <property name="CONSOLE_LOG_CHARSET" value="UTF-8"/>
    <property name="native.encoding" value="UTF-8"/>
    <property name="java.library.path" value="/Users/luis/Library/Java/Extensions:/Library/Java/Extensions:/Network/Library/Java/Extensions:/System/Library/Java/Extensions:/usr/lib/java:."/>
    <property name="java.vm.info" value="mixed mode, sharing"/>
    <property name="stderr.encoding" value="UTF-8"/>
    <property name="java.vendor" value="Homebrew"/>
    <property name="java.vm.version" value="21.0.2"/>
    <property name="sun.io.unicode.encoding" value="UnicodeBig"/>
    <property name="socksNonProxyHosts" value="local|*.local|169.254/16|*.169.254/16"/>
    <property name="java.class.version" value="65.0"/>
  </properties>
  <testcase name="shouldSucessfullyReturnAllMovies" classname="de.dhbw.ravensburg.wp.mymoviedatabase.controller.MovieControllerImplTest" time="0.118">
    <system-out><![CDATA[2024-03-30 23:08:08.768  INFO 54522 --- [           main] .b.t.a.w.s.WebMvcTestContextBootstrapper : Neither @ContextConfiguration nor @ContextHierarchy found for test class [de.dhbw.ravensburg.wp.mymoviedatabase.controller.MovieControllerImplTest], using SpringBootContextLoader
2024-03-30 23:08:08.808  INFO 54522 --- [           main] o.s.t.c.support.AbstractContextLoader    : Could not detect default resource locations for test class [de.dhbw.ravensburg.wp.mymoviedatabase.controller.MovieControllerImplTest]: no resource found for suffixes {-context.xml, Context.groovy}.
2024-03-30 23:08:08.810  INFO 54522 --- [           main] t.c.s.AnnotationConfigContextLoaderUtils : Could not detect default configuration classes for test class [de.dhbw.ravensburg.wp.mymoviedatabase.controller.MovieControllerImplTest]: MovieControllerImplTest does not declare any static, non-private, non-final, nested classes annotated with @Configuration.
2024-03-30 23:08:08.824  INFO 54522 --- [           main] .b.t.c.SpringBootTestContextBootstrapper : Found @SpringBootConfiguration de.dhbw.ravensburg.wp.mymoviedatabase.SpringDataApplication for test class de.dhbw.ravensburg.wp.mymoviedatabase.controller.MovieControllerImplTest
2024-03-30 23:08:08.825  INFO 54522 --- [           main] .b.t.a.w.s.WebMvcTestContextBootstrapper : Loaded default TestExecutionListener class names from location [META-INF/spring.factories]: [org.springframework.boot.test.mock.mockito.MockitoTestExecutionListener, org.springframework.boot.test.mock.mockito.ResetMocksTestExecutionListener, org.springframework.boot.test.autoconfigure.restdocs.RestDocsTestExecutionListener, org.springframework.boot.test.autoconfigure.web.client.MockRestServiceServerResetTestExecutionListener, org.springframework.boot.test.autoconfigure.web.servlet.MockMvcPrintOnlyOnFailureTestExecutionListener, org.springframework.boot.test.autoconfigure.web.servlet.WebDriverTestExecutionListener, org.springframework.boot.test.autoconfigure.webservices.client.MockWebServiceServerTestExecutionListener, org.springframework.test.context.web.ServletTestExecutionListener, org.springframework.test.context.support.DirtiesContextBeforeModesTestExecutionListener, org.springframework.test.context.event.ApplicationEventsTestExecutionListener, org.springframework.test.context.support.DependencyInjectionTestExecutionListener, org.springframework.test.context.support.DirtiesContextTestExecutionListener, org.springframework.test.context.transaction.TransactionalTestExecutionListener, org.springframework.test.context.jdbc.SqlScriptsTestExecutionListener, org.springframework.test.context.event.EventPublishingTestExecutionListener]
2024-03-30 23:08:08.827  INFO 54522 --- [           main] .b.t.a.w.s.WebMvcTestContextBootstrapper : Using TestExecutionListeners: [org.springframework.test.context.web.ServletTestExecutionListener@9f0fc36, org.springframework.test.context.support.DirtiesContextBeforeModesTestExecutionListener@63f2e0b, org.springframework.test.context.event.ApplicationEventsTestExecutionListener@5a06904, org.springframework.boot.test.mock.mockito.MockitoTestExecutionListener@fabef2e, org.springframework.boot.test.autoconfigure.SpringBootDependencyInjectionTestExecutionListener@1b4a3a1, org.springframework.test.context.support.DirtiesContextTestExecutionListener@7e848aea, org.springframework.test.context.transaction.TransactionalTestExecutionListener@786a3477, org.springframework.test.context.jdbc.SqlScriptsTestExecutionListener@286866cb, org.springframework.test.context.event.EventPublishingTestExecutionListener@ce561cc, org.springframework.boot.test.mock.mockito.ResetMocksTestExecutionListener@56ec6960, org.springframework.boot.test.autoconfigure.restdocs.RestDocsTestExecutionListener@7f8c3646, org.springframework.boot.test.autoconfigure.web.client.MockRestServiceServerResetTestExecutionListener@14b95942, org.springframework.boot.test.autoconfigure.web.servlet.MockMvcPrintOnlyOnFailureTestExecutionListener@3375b118, org.springframework.boot.test.autoconfigure.web.servlet.WebDriverTestExecutionListener@667797f, org.springframework.boot.test.autoconfigure.webservices.client.MockWebServiceServerTestExecutionListener@184751f3]

  .   ____          _            __ _ _
 /\\ / ___'_ __ _ _(_)_ __  __ _ \ \ \ \
( ( )\___ | '_ | '_| | '_ \/ _` | \ \ \ \
 \\/  ___)| |_)| | | | | || (_| |  ) ) ) )
  '  |____| .__|_| |_|_| |_\__, | / / / /
 =========|_|==============|___/=/_/_/_/
 :: Spring Boot ::                (v2.5.1)

2024-03-30 23:08:08.909  INFO 54522 --- [           main] d.d.r.w.m.c.MovieControllerImplTest      : Starting MovieControllerImplTest using Java 21.0.2 on MacBook-Air.fritz.box with PID 54522 (started by luis in /Users/luis/Library/CloudStorage/OneDrive-Personal/Dokumente/1_DHBW/5.Semester/Integrationsseminar_MovieDB/Aufgabe_6)
2024-03-30 23:08:08.912  INFO 54522 --- [           main] d.d.r.w.m.c.MovieControllerImplTest      : No active profile set, falling back to default profiles: default
2024-03-30 23:08:10.443  INFO 54522 --- [           main] o.s.b.t.m.w.SpringBootMockServletContext : Initializing Spring TestDispatcherServlet ''
2024-03-30 23:08:10.446  INFO 54522 --- [           main] o.s.t.web.servlet.TestDispatcherServlet  : Initializing Servlet ''
2024-03-30 23:08:10.448  INFO 54522 --- [           main] o.s.t.web.servlet.TestDispatcherServlet  : Completed initialization in 1 ms
2024-03-30 23:08:10.471  INFO 54522 --- [           main] d.d.r.w.m.c.MovieControllerImplTest      : Started MovieControllerImplTest in 1.637 seconds (JVM running for 8.925)

MockHttpServletRequest:
      HTTP Method = GET
      Request URI = /api/v1/movies
       Parameters = {}
          Headers = []
             Body = null
    Session Attrs = {}

Handler:
             Type = de.dhbw.ravensburg.wp.mymoviedatabase.controller.MovieControllerImpl
           Method = de.dhbw.ravensburg.wp.mymoviedatabase.controller.MovieControllerImpl#getAllMovies()

Async:
    Async started = false
     Async result = null

Resolved Exception:
             Type = null

ModelAndView:
        View name = null
             View = null
            Model = null

FlashMap:
       Attributes = null

MockHttpServletResponse:
           Status = 200
    Error message = null
          Headers = [Content-Type:"application/json"]
     Content type = application/json
             Body = [{"id":1,"title":"Interstellar","duration":2.49,"description":"A team of explorers travel through space.","trailerUrl":"https://imdb.interstellar.test","coverImgUrl":"https://wikipedia.interstellar.test.jpeg","imdbRating":8.6,"castIds":[4],"awards":[{"id":1,"academy":"Oscar","category":"Best Picture","celebrationYear":2008}]},{"id":2,"title":"The Dark Knight","duration":2.32,"description":"Joker vs. Batman","trailerUrl":"https://imdb.darkknight.test","coverImgUrl":"https://wikipedia.darkknight.test.jpeg","imdbRating":9.0,"castIds":[1,2],"awards":[{"id":2,"academy":"Oscar","category":"Best Performance by an Actor in a Supporting Role","celebrationYear":2009},{"id":3,"academy":"Oscar","category":"Best Achievement in Sound Editing","celebrationYear":2009}]}]
    Forwarded URL = null
   Redirected URL = null
          Cookies = []
]]></system-out>
  </testcase>
  <testcase name="shouldSucessfullyAddMovie" classname="de.dhbw.ravensburg.wp.mymoviedatabase.controller.MovieControllerImplTest" time="0.117"/>
  <testcase name="shouldSucessfullyReturnMovie" classname="de.dhbw.ravensburg.wp.mymoviedatabase.controller.MovieControllerImplTest" time="0.023">
    <system-out><![CDATA[
MockHttpServletRequest:
      HTTP Method = GET
      Request URI = /api/v1/movies/1
       Parameters = {}
          Headers = []
             Body = null
    Session Attrs = {}

Handler:
             Type = de.dhbw.ravensburg.wp.mymoviedatabase.controller.MovieControllerImpl
           Method = de.dhbw.ravensburg.wp.mymoviedatabase.controller.MovieControllerImpl#getMovieById(Long)

Async:
    Async started = false
     Async result = null

Resolved Exception:
             Type = null

ModelAndView:
        View name = null
             View = null
            Model = null

FlashMap:
       Attributes = null

MockHttpServletResponse:
           Status = 200
    Error message = null
          Headers = [Content-Type:"application/json"]
     Content type = application/json
             Body = {"id":1,"title":"Interstellar","duration":2.49,"description":"A team of explorers travel through space.","trailerUrl":"https://imdb.interstellar.test","coverImgUrl":"https://wikipedia.interstellar.test.jpeg","imdbRating":8.6,"castIds":[4],"awards":[{"id":1,"academy":"Oscar","category":"Best Picture","celebrationYear":2008}]}
    Forwarded URL = null
   Redirected URL = null
          Cookies = []
]]></system-out>
  </testcase>
  <testcase name="shouldFailGetMovie" classname="de.dhbw.ravensburg.wp.mymoviedatabase.controller.MovieControllerImplTest" time="0.014"/>
  <testcase name="shouldSucessfullyRemoveMovie" classname="de.dhbw.ravensburg.wp.mymoviedatabase.controller.MovieControllerImplTest" time="0.015"/>
</testsuite>